[1] "--- Zipcode ---  80303"
[1] "subaru/?"
[1] "530  cars found in Year: 1998-2018"
[1] "running page 1"
[1] "running page 2"
[1] "running page 3"
[1] "running page 4"
[1] "running page 5"
[1] "running page 6"
[1] "nissan/?"
[1] "664  cars found in Year: 1998-2018"
[1] "running page 1"
[1] "running page 2"
[1] "running page 3"
[1] "running page 4"
[1] "running page 5"
[1] "running page 6"
[1] "running page 7"
[1] "toyota/?"
[1] "936  cars found in Year: 1998-2018"
[1] "running page 1"
[1] "running page 2"
[1] "running page 3"
[1] "running page 4"
[1] "running page 5"
[1] "running page 6"
[1] "running page 7"
[1] "running page 8"
[1] "running page 9"
[1] "running page 10"
[1] "honda/?"
[1] "459  cars found in Year: 1998-2018"
[1] "running page 1"
[1] "running page 2"
[1] "running page 3"
[1] "running page 4"
[1] "running page 5"
[1] "hyundai/?"
[1] "296  cars found in Year: 1998-2018"
[1] "running page 1"
[1] "running page 2"
[1] "running page 3"
[1] "kia/?"
[1] "228  cars found in Year: 1998-2018"
[1] "running page 1"
[1] "running page 2"
[1] "running page 3"
[1] "--- Zipcode ---  33128"
[1] "subaru/?"
[1] "157  cars found in Year: 1998-2018"
[1] "running page 1"
[1] "running page 2"
[1] "nissan/?"
[1] "1567  cars found in Year: 1998-2018"
[1] "running page 1"
[1] "running page 2"
[1] "running page 3"
[1] "running page 4"
[1] "running page 5"
[1] "running page 6"
[1] "running page 7"
[1] "running page 8"
[1] "running page 9"
[1] "running page 10"
[1] "running page 11"
[1] "running page 12"
[1] "running page 13"
[1] "running page 14"
[1] "running page 15"
[1] "running page 16"
[1] "toyota/?"
[1] "1722  cars found in Year: 1998-2018"
[1] "running page 1"
[1] "running page 2"
[1] "running page 3"
[1] "running page 4"
[1] "running page 5"
[1] "running page 6"
[1] "running page 7"
[1] "running page 8"
[1] "running page 9"
[1] "running page 10"
[1] "running page 11"
[1] "running page 12"
[1] "running page 13"
[1] "running page 14"
[1] "running page 15"
[1] "running page 16"
[1] "running page 17"
[1] "running page 18"
[1] "honda/?"
[1] "1411  cars found in Year: 1998-2018"
[1] "running page 1"
[1] "running page 2"
[1] "running page 3"
[1] "running page 4"
[1] "running page 5"
[1] "running page 6"
[1] "running page 7"
[1] "running page 8"
[1] "running page 9"
[1] "running page 10"
[1] "running page 11"
[1] "running page 12"
[1] "running page 13"
[1] "running page 14"
[1] "running page 15"
[1] "hyundai/?"
[1] "948  cars found in Year: 1998-2018"
[1] "running page 1"
[1] "running page 2"
[1] "running page 3"
[1] "running page 4"
[1] "running page 5"
[1] "running page 6"
[1] "running page 7"
[1] "running page 8"
[1] "running page 9"
[1] "running page 10"
[1] "kia/?"
[1] "567  cars found in Year: 1998-2018"
[1] "running page 1"
[1] "running page 2"
[1] "running page 3"
[1] "running page 4"
[1] "running page 5"
[1] "running page 6"
[1] "--- Zipcode ---  44113"
[1] "subaru/?"
[1] "249  cars found in Year: 1998-2018"
[1] "running page 1"
[1] "running page 2"
[1] "running page 3"
[1] "nissan/?"
[1] "780  cars found in Year: 1998-2018"
[1] "running page 1"
[1] "running page 2"
[1] "running page 3"
[1] "running page 4"
[1] "running page 5"
[1] "running page 6"
[1] "running page 7"
[1] "running page 8"
[1] "toyota/?"
[1] "832  cars found in Year: 1998-2018"
[1] "running page 1"
[1] "running page 2"
[1] "running page 3"
[1] "running page 4"
[1] "running page 5"
[1] "running page 6"
[1] "running page 7"
[1] "running page 8"
[1] "running page 9"
[1] "honda/?"
[1] "798  cars found in Year: 1998-2018"
[1] "running page 1"
[1] "running page 2"
[1] "running page 3"
[1] "running page 4"
[1] "running page 5"
[1] "running page 6"
[1] "running page 7"
[1] "running page 8"
[1] "hyundai/?"
[1] "623  cars found in Year: 1998-2018"
[1] "running page 1"
[1] "running page 2"
[1] "running page 3"
[1] "running page 4"
[1] "running page 5"
[1] "running page 6"
[1] "running page 7"
[1] "kia/?"
[1] "564  cars found in Year: 1998-2018"
[1] "running page 1"
[1] "running page 2"
[1] "running page 3"
[1] "running page 4"
[1] "running page 5"
[1] "running page 6"
[1] "--- Zipcode ---  93650"
[1] "subaru/?"
[1] "33  cars found in Year: 1998-2018"
[1] "running page 1"
[1] "nissan/?"
[1] "280  cars found in Year: 1998-2018"
[1] "running page 1"
[1] "running page 2"
[1] "running page 3"
[1] "toyota/?"
[1] "234  cars found in Year: 1998-2018"
[1] "running page 1"
[1] "running page 2"
[1] "running page 3"
[1] "honda/?"
[1] "213  cars found in Year: 1998-2018"
[1] "running page 1"
[1] "running page 2"
[1] "running page 3"
[1] "hyundai/?"
[1] "123  cars found in Year: 1998-2018"
[1] "running page 1"
[1] "running page 2"
[1] "kia/?"
[1] "84  cars found in Year: 1998-2018"
[1] "running page 1"
     [,1] [,2] [,3] [,4]
[1,] NULL NULL NULL NULL
[2,] NULL NULL NULL NULL
[3,] NULL NULL NULL NULL
[4,] NULL NULL NULL NULL
[5,] NULL NULL NULL NULL
[6,] NULL NULL NULL NULL
